<?xml version="1.0" encoding="UTF-8"?>
<!-- Generated by org.testng.reporters.JUnitReportReporter -->
<testsuite hostname="L-156151984" failures="0" tests="2" name="testCase.VerifyCountryRegion" time="35.124" errors="0" timestamp="2020-05-14T03:18:10 IST" skipped="0">
  <testcase classname="testCase.VerifyCountryRegion" name="setectCountry" time="30.097"/>
  <testcase classname="testCase.VerifyCountryRegion" name="verifyingCountry" time="5.027"/>
</testsuite> <!-- testCase.VerifyCountryRegion -->
