<?xml version="1.0" encoding="UTF-8"?>
<!-- Generated by org.testng.reporters.JUnitReportReporter -->
<testsuite hostname="L-156151984" failures="0" tests="2" name="testCase.VerifyCountryRegion2" time="35.903" errors="0" timestamp="2020-05-14T03:02:20 IST" skipped="0">
  <testcase classname="testCase.VerifyCountryRegion2" name="setectCountry" time="31.182"/>
  <testcase classname="testCase.VerifyCountryRegion2" name="verifyingCountry" time="4.721"/>
</testsuite> <!-- testCase.VerifyCountryRegion2 -->
