<?xml version="1.0" encoding="UTF-8"?>
<!-- Generated by org.testng.reporters.JUnitReportReporter -->
<testsuite hostname="L-156151984" failures="0" tests="1" name="testCase.VerifyCountryRegion" time="37.815" errors="0" timestamp="2020-05-06T23:20:23 IST" skipped="0">
  <testcase classname="testCase.VerifyCountryRegion" name="verifyingCountry" time="37.815"/>
</testsuite> <!-- testCase.VerifyCountryRegion -->
