<?xml version="1.0" encoding="UTF-8"?>
<!-- Generated by org.testng.reporters.JUnitReportReporter -->
<testsuite hostname="L-156151984" failures="0" tests="1" name="testCase.VerifyCountryRegion" time="97.772" errors="0" timestamp="2020-04-29T00:17:11 IST" skipped="0">
  <testcase classname="testCase.VerifyCountryRegion" name="verifyingCountry" time="97.772"/>
</testsuite> <!-- testCase.VerifyCountryRegion -->
