<?xml version="1.0" encoding="UTF-8"?>
<!-- Generated by org.testng.reporters.JUnitReportReporter -->
<testsuite hostname="L-156151984" failures="0" tests="1" name="testCase.VerifyCountryRegion" time="35.595" errors="0" timestamp="2020-05-08T03:25:39 IST" skipped="0">
  <testcase classname="testCase.VerifyCountryRegion" name="verifyingCountry" time="35.595"/>
</testsuite> <!-- testCase.VerifyCountryRegion -->
