<?xml version="1.0" encoding="UTF-8"?>
<!-- Generated by org.testng.reporters.JUnitReportReporter -->
<testsuite hostname="L-156151984" failures="0" tests="2" name="testCase.VerifyCountryRegion" time="31.891" errors="0" timestamp="2020-05-11T12:33:07 IST" skipped="0">
  <testcase classname="testCase.VerifyCountryRegion" name="setectCountry" time="26.795"/>
  <testcase classname="testCase.VerifyCountryRegion" name="verifyingCountry" time="5.096"/>
</testsuite> <!-- testCase.VerifyCountryRegion -->
