<?xml version="1.0" encoding="UTF-8"?>
<!-- Generated by org.testng.reporters.JUnitReportReporter -->
<testsuite hostname="L-156151984" failures="0" tests="2" name="testCase.VerifyCountryRegion" time="36.597" errors="0" timestamp="2020-05-13T12:44:57 IST" skipped="0">
  <testcase classname="testCase.VerifyCountryRegion" name="setectCountry" time="31.653"/>
  <testcase classname="testCase.VerifyCountryRegion" name="verifyingCountry" time="4.944"/>
</testsuite> <!-- testCase.VerifyCountryRegion -->
