<?xml version="1.0" encoding="UTF-8"?>
<!-- Generated by org.testng.reporters.JUnitReportReporter -->
<testsuite hostname="L-156151984" failures="0" tests="1" name="testCase.VerifyCountryRegion" time="42.644" errors="0" timestamp="2020-05-07T00:54:02 IST" skipped="0">
  <testcase classname="testCase.VerifyCountryRegion" name="verifyingCountry" time="42.644"/>
</testsuite> <!-- testCase.VerifyCountryRegion -->
