<?xml version="1.0" encoding="UTF-8"?>
<!-- Generated by org.testng.reporters.JUnitReportReporter -->
<testsuite hostname="L-156151984" failures="0" tests="1" name="testCase.VerifyCountryRegion" time="28.131" errors="0" timestamp="2020-05-07T16:52:27 IST" skipped="0">
  <testcase classname="testCase.VerifyCountryRegion" name="verifyingCountry" time="28.131"/>
</testsuite> <!-- testCase.VerifyCountryRegion -->
